<?xml version="1.0" encoding="UTF-8"?>
<testsuite xmlns:xsi="http://www.w3.org/2001/XMLSchema-instance" xsi:noNamespaceSchemaLocation="https://maven.apache.org/surefire/maven-surefire-plugin/xsd/surefire-test-report.xsd" name="com.michaelbeddev.EstudianteTest" time="0.028" tests="6" errors="0" skipped="0" failures="0">
  <properties>
[...]
</properties>
  <testcase name="com.michaelbeddev.EstudianteTest.testEstudiante" classname="com.michaelbeddev.EstudianteTest" time="0.002"/>
  <testcase name="com.michaelbeddev.EstudianteTest.testEsUniversitario" classname="com.michaelbeddev.EstudianteTest" time="0.001"/>
  <testcase name="com.michaelbeddev.EstudianteTest.testAprobo" classname="com.michaelbeddev.EstudianteTest" time="0"/>
  <testcase name="com.michaelbeddev.EstudianteTest.testReprobo" classname="com.michaelbeddev.EstudianteTest" time="0.001"/>
  <testcase name="com.michaelbeddev.EstudianteTest.testEdadEscolar" classname="com.michaelbeddev.EstudianteTest" time="0.001"/>
  <testcase name="com.michaelbeddev.EstudianteTest.testImprimirInformacion" classname="com.michaelbeddev.EstudianteTest" time="0.021"/>
</testsuite>